<?xml version="1.0" encoding="UTF-8"?>
<testng-results ignored="0" total="0" passed="0" failed="0" skipped="0">
  <reporter-output>
  </reporter-output>
  <suite started-at="2023-02-28T19:20:16 CST" name="Default suite" finished-at="2023-02-28T19:20:19 CST" duration-ms="2534">
    <groups>
      <group name="cucumber">
        <method signature="AbstractTestNGCucumberTests.runScenario(io.cucumber.testng.PickleWrapper,io.cucumber.testng.FeatureWrapper)[pri:0, instance:ruuner.RunTestNGTest@27406a17]" name="runScenario" class="io.cucumber.testng.AbstractTestNGCucumberTests"/>
      </group> <!-- cucumber -->
    </groups>
    <test started-at="2023-02-28T19:20:16 CST" name="Default test" finished-at="2023-02-28T19:20:19 CST" duration-ms="2534">
      <class name="ruuner.RunTestNGTest">
        <test-method is-config="true" signature="setUpClass(org.testng.ITestContext)[pri:0, instance:ruuner.RunTestNGTest@27406a17]" started-at="2023-02-28T19:20:16 CST" name="setUpClass" finished-at="2023-02-28T19:20:17 CST" duration-ms="858" status="PASS">
          <params>
            <param index="0">
              <value>
                <![CDATA[org.testng.TestRunner@58294867]]>
              </value>
            </param>
          </params>
          <reporter-output>
          </reporter-output>
        </test-method> <!-- setUpClass -->
        <test-method is-config="true" signature="tearDownClass()[pri:0, instance:ruuner.RunTestNGTest@27406a17]" started-at="2023-02-28T19:20:17 CST" name="tearDownClass" finished-at="2023-02-28T19:20:19 CST" duration-ms="1632" status="PASS">
          <reporter-output>
          </reporter-output>
        </test-method> <!-- tearDownClass -->
      </class> <!-- ruuner.RunTestNGTest -->
    </test> <!-- Default test -->
  </suite> <!-- Default suite -->
</testng-results>
